Terminaux inutilisés dans la grammaire

    tLT
    tLE
    tGT
    tGE
    tAND
    tOR


Règles inutiles dans l'analyseur à cause de conflits

   25 $@2: %empty


État 68 conflits: 1 décalage/réduction


Grammaire

    0 $accept: functions $end

    1 functions: %empty
    2          | function functions

    3 function: type tID tLPAR params tRPAR block

    4 type: tINT
    5     | tVOID

    6 params: params_void
    7       | params_full

    8 params_void: %empty
    9            | tVOID

   10 params_full: type tID
   11            | type tID tCOMMA params_full

   12 $@1: %empty

   13 block: tLBRACE $@1 instructions tRBRACE

   14 instructions: %empty
   15             | instruction instructions

   16 instruction: print tSEMI
   17            | assign tSEMI
   18            | declar tSEMI
   19            | funcreturn tSEMI
   20            | funccall tSEMI
   21            | loop
   22            | condins
   23            | block
   24            | tSEMI

   25 $@2: %empty

   26 condins: tIF tLPAR condition $@2 tRPAR block

   27 $@3: %empty

   28 $@4: %empty

   29 $@5: %empty

   30 condins: tIF tLPAR condition tRPAR $@3 block $@4 tELSE $@5 block

   31 expr: term
   32     | expr tADD expr
   33     | expr tSUB expr
   34     | expr tMUL expr
   35     | expr tDIV expr
   36     | tLPAR expr tRPAR
   37     | tADD expr
   38     | tSUB expr

   39 term: tID
   40     | tNB
   41     | funccall

   42 condition: expr
   43          | tNOT expr
   44          | expr tEQ expr
   45          | term tNEQ expr

   46 $@6: %empty

   47 $@7: %empty

   48 loop: tWHILE $@6 tLPAR condition $@7 tRPAR block

   49 print: tPRINT tLPAR expr tRPAR

   50 assign: tID tASSIGN expr

   51 declar: tINT tID

   52 $@8: %empty

   53 $@9: %empty

   54 declar: tINT tID $@8 tASSIGN $@9 expr

   55 funcreturn: tRETURN expr

   56 funccall: tID tLPAR callparams tRPAR

   57 callparams: callparams_void
   58           | callparams_full

   59 callparams_void: %empty

   60 callparams_full: expr
   61                | expr tCOMMA callparams_full


Terminaux, suivis des règles où ils apparaissent

    $end (0) 0
    error (256)
    tID <s> (258) 3 10 11 39 50 51 54 56
    tNB <i> (259) 40
    tIF <branch_info> (260) 26 30
    tWHILE <branch_info> (261) 48
    tELSE <branch_info> (262) 30
    tPRINT (263) 49
    tRETURN (264) 55
    tINT (265) 4 51 54
    tVOID (266) 5 9
    tLT (267)
    tLE (268)
    tGT (269)
    tGE (270)
    tEQ (271) 44
    tNEQ (272) 45
    tASSIGN (273) 50 54
    tADD (274) 32 37
    tSUB (275) 33 38
    tDIV (276) 35
    tMUL (277) 34
    tAND (278)
    tOR (279)
    tNOT (280) 43
    tLBRACE (281) 13
    tRBRACE (282) 13
    tLPAR (283) 3 26 30 36 48 49 56
    tRPAR (284) 3 26 30 36 48 49 56
    tSEMI (285) 16 17 18 19 20 24
    tCOMMA (286) 11 61


Non-terminaux, suivis des règles où ils apparaissent

    $accept (32)
        à gauche: 0
    functions (33)
        à gauche: 1 2
        à droite: 0 2
    function (34)
        à gauche: 3
        à droite: 2
    type (35)
        à gauche: 4 5
        à droite: 3 10 11
    params (36)
        à gauche: 6 7
        à droite: 3
    params_void (37)
        à gauche: 8 9
        à droite: 6
    params_full (38)
        à gauche: 10 11
        à droite: 7 11
    block (39)
        à gauche: 13
        à droite: 3 23 26 30 48
    $@1 (40)
        à gauche: 12
        à droite: 13
    instructions (41)
        à gauche: 14 15
        à droite: 13 15
    instruction (42)
        à gauche: 16 17 18 19 20 21 22 23 24
        à droite: 15
    condins (43)
        à gauche: 26 30
        à droite: 22
    $@2 (44)
        à gauche: 25
        à droite: 26
    $@3 (45)
        à gauche: 27
        à droite: 30
    $@4 (46)
        à gauche: 28
        à droite: 30
    $@5 (47)
        à gauche: 29
        à droite: 30
    expr (48)
        à gauche: 31 32 33 34 35 36 37 38
        à droite: 32 33 34 35 36 37 38 42 43 44 45 49 50 54 55 60 61
    term (49)
        à gauche: 39 40 41
        à droite: 31 45
    condition <op> (50)
        à gauche: 42 43 44 45
        à droite: 26 30 48
    loop (51)
        à gauche: 48
        à droite: 21
    $@6 (52)
        à gauche: 46
        à droite: 48
    $@7 (53)
        à gauche: 47
        à droite: 48
    print (54)
        à gauche: 49
        à droite: 16
    assign (55)
        à gauche: 50
        à droite: 17
    declar (56)
        à gauche: 51 54
        à droite: 18
    $@8 (57)
        à gauche: 52
        à droite: 54
    $@9 (58)
        à gauche: 53
        à droite: 54
    funcreturn (59)
        à gauche: 55
        à droite: 19
    funccall (60)
        à gauche: 56
        à droite: 20 41
    callparams (61)
        à gauche: 57 58
        à droite: 56
    callparams_void (62)
        à gauche: 59
        à droite: 57
    callparams_full (63)
        à gauche: 60 61
        à droite: 58 61


État 0

    0 $accept: . functions $end

    tINT   décalage et aller à l'état 1
    tVOID  décalage et aller à l'état 2

    $défaut  réduction par utilisation de la règle 1 (functions)

    functions  aller à l'état 3
    function   aller à l'état 4
    type       aller à l'état 5


État 1

    4 type: tINT .

    $défaut  réduction par utilisation de la règle 4 (type)


État 2

    5 type: tVOID .

    $défaut  réduction par utilisation de la règle 5 (type)


État 3

    0 $accept: functions . $end

    $end  décalage et aller à l'état 6


État 4

    2 functions: function . functions

    tINT   décalage et aller à l'état 1
    tVOID  décalage et aller à l'état 2

    $défaut  réduction par utilisation de la règle 1 (functions)

    functions  aller à l'état 7
    function   aller à l'état 4
    type       aller à l'état 5


État 5

    3 function: type . tID tLPAR params tRPAR block

    tID  décalage et aller à l'état 8


État 6

    0 $accept: functions $end .

    $défaut  accepter


État 7

    2 functions: function functions .

    $défaut  réduction par utilisation de la règle 2 (functions)


État 8

    3 function: type tID . tLPAR params tRPAR block

    tLPAR  décalage et aller à l'état 9


État 9

    3 function: type tID tLPAR . params tRPAR block

    tINT   décalage et aller à l'état 1
    tVOID  décalage et aller à l'état 10

    $défaut  réduction par utilisation de la règle 8 (params_void)

    type         aller à l'état 11
    params       aller à l'état 12
    params_void  aller à l'état 13
    params_full  aller à l'état 14


État 10

    5 type: tVOID .
    9 params_void: tVOID .

    tRPAR     réduction par utilisation de la règle 9 (params_void)
    $défaut  réduction par utilisation de la règle 5 (type)


État 11

   10 params_full: type . tID
   11            | type . tID tCOMMA params_full

    tID  décalage et aller à l'état 15


État 12

    3 function: type tID tLPAR params . tRPAR block

    tRPAR  décalage et aller à l'état 16


État 13

    6 params: params_void .

    $défaut  réduction par utilisation de la règle 6 (params)


État 14

    7 params: params_full .

    $défaut  réduction par utilisation de la règle 7 (params)


État 15

   10 params_full: type tID .
   11            | type tID . tCOMMA params_full

    tCOMMA  décalage et aller à l'état 17

    $défaut  réduction par utilisation de la règle 10 (params_full)


État 16

    3 function: type tID tLPAR params tRPAR . block

    tLBRACE  décalage et aller à l'état 18

    block  aller à l'état 19


État 17

   11 params_full: type tID tCOMMA . params_full

    tINT   décalage et aller à l'état 1
    tVOID  décalage et aller à l'état 2

    type         aller à l'état 11
    params_full  aller à l'état 20


État 18

   13 block: tLBRACE . $@1 instructions tRBRACE

    $défaut  réduction par utilisation de la règle 12 ($@1)

    $@1  aller à l'état 21


État 19

    3 function: type tID tLPAR params tRPAR block .

    $défaut  réduction par utilisation de la règle 3 (function)


État 20

   11 params_full: type tID tCOMMA params_full .

    $défaut  réduction par utilisation de la règle 11 (params_full)


État 21

   13 block: tLBRACE $@1 . instructions tRBRACE

    tID      décalage et aller à l'état 22
    tIF      décalage et aller à l'état 23
    tWHILE   décalage et aller à l'état 24
    tPRINT   décalage et aller à l'état 25
    tRETURN  décalage et aller à l'état 26
    tINT     décalage et aller à l'état 27
    tLBRACE  décalage et aller à l'état 18
    tSEMI    décalage et aller à l'état 28

    $défaut  réduction par utilisation de la règle 14 (instructions)

    block         aller à l'état 29
    instructions  aller à l'état 30
    instruction   aller à l'état 31
    condins       aller à l'état 32
    loop          aller à l'état 33
    print         aller à l'état 34
    assign        aller à l'état 35
    declar        aller à l'état 36
    funcreturn    aller à l'état 37
    funccall      aller à l'état 38


État 22

   50 assign: tID . tASSIGN expr
   56 funccall: tID . tLPAR callparams tRPAR

    tASSIGN  décalage et aller à l'état 39
    tLPAR    décalage et aller à l'état 40


État 23

   26 condins: tIF . tLPAR condition $@2 tRPAR block
   30        | tIF . tLPAR condition tRPAR $@3 block $@4 tELSE $@5 block

    tLPAR  décalage et aller à l'état 41


État 24

   48 loop: tWHILE . $@6 tLPAR condition $@7 tRPAR block

    $défaut  réduction par utilisation de la règle 46 ($@6)

    $@6  aller à l'état 42


État 25

   49 print: tPRINT . tLPAR expr tRPAR

    tLPAR  décalage et aller à l'état 43


État 26

   55 funcreturn: tRETURN . expr

    tID    décalage et aller à l'état 44
    tNB    décalage et aller à l'état 45
    tADD   décalage et aller à l'état 46
    tSUB   décalage et aller à l'état 47
    tLPAR  décalage et aller à l'état 48

    expr      aller à l'état 49
    term      aller à l'état 50
    funccall  aller à l'état 51


État 27

   51 declar: tINT . tID
   54       | tINT . tID $@8 tASSIGN $@9 expr

    tID  décalage et aller à l'état 52


État 28

   24 instruction: tSEMI .

    $défaut  réduction par utilisation de la règle 24 (instruction)


État 29

   23 instruction: block .

    $défaut  réduction par utilisation de la règle 23 (instruction)


État 30

   13 block: tLBRACE $@1 instructions . tRBRACE

    tRBRACE  décalage et aller à l'état 53


État 31

   15 instructions: instruction . instructions

    tID      décalage et aller à l'état 22
    tIF      décalage et aller à l'état 23
    tWHILE   décalage et aller à l'état 24
    tPRINT   décalage et aller à l'état 25
    tRETURN  décalage et aller à l'état 26
    tINT     décalage et aller à l'état 27
    tLBRACE  décalage et aller à l'état 18
    tSEMI    décalage et aller à l'état 28

    $défaut  réduction par utilisation de la règle 14 (instructions)

    block         aller à l'état 29
    instructions  aller à l'état 54
    instruction   aller à l'état 31
    condins       aller à l'état 32
    loop          aller à l'état 33
    print         aller à l'état 34
    assign        aller à l'état 35
    declar        aller à l'état 36
    funcreturn    aller à l'état 37
    funccall      aller à l'état 38


État 32

   22 instruction: condins .

    $défaut  réduction par utilisation de la règle 22 (instruction)


État 33

   21 instruction: loop .

    $défaut  réduction par utilisation de la règle 21 (instruction)


État 34

   16 instruction: print . tSEMI

    tSEMI  décalage et aller à l'état 55


État 35

   17 instruction: assign . tSEMI

    tSEMI  décalage et aller à l'état 56


État 36

   18 instruction: declar . tSEMI

    tSEMI  décalage et aller à l'état 57


État 37

   19 instruction: funcreturn . tSEMI

    tSEMI  décalage et aller à l'état 58


État 38

   20 instruction: funccall . tSEMI

    tSEMI  décalage et aller à l'état 59


État 39

   50 assign: tID tASSIGN . expr

    tID    décalage et aller à l'état 44
    tNB    décalage et aller à l'état 45
    tADD   décalage et aller à l'état 46
    tSUB   décalage et aller à l'état 47
    tLPAR  décalage et aller à l'état 48

    expr      aller à l'état 60
    term      aller à l'état 50
    funccall  aller à l'état 51


État 40

   56 funccall: tID tLPAR . callparams tRPAR

    tID    décalage et aller à l'état 44
    tNB    décalage et aller à l'état 45
    tADD   décalage et aller à l'état 46
    tSUB   décalage et aller à l'état 47
    tLPAR  décalage et aller à l'état 48

    $défaut  réduction par utilisation de la règle 59 (callparams_void)

    expr             aller à l'état 61
    term             aller à l'état 50
    funccall         aller à l'état 51
    callparams       aller à l'état 62
    callparams_void  aller à l'état 63
    callparams_full  aller à l'état 64


État 41

   26 condins: tIF tLPAR . condition $@2 tRPAR block
   30        | tIF tLPAR . condition tRPAR $@3 block $@4 tELSE $@5 block

    tID    décalage et aller à l'état 44
    tNB    décalage et aller à l'état 45
    tADD   décalage et aller à l'état 46
    tSUB   décalage et aller à l'état 47
    tNOT   décalage et aller à l'état 65
    tLPAR  décalage et aller à l'état 48

    expr       aller à l'état 66
    term       aller à l'état 67
    condition  aller à l'état 68
    funccall   aller à l'état 51


État 42

   48 loop: tWHILE $@6 . tLPAR condition $@7 tRPAR block

    tLPAR  décalage et aller à l'état 69


État 43

   49 print: tPRINT tLPAR . expr tRPAR

    tID    décalage et aller à l'état 44
    tNB    décalage et aller à l'état 45
    tADD   décalage et aller à l'état 46
    tSUB   décalage et aller à l'état 47
    tLPAR  décalage et aller à l'état 48

    expr      aller à l'état 70
    term      aller à l'état 50
    funccall  aller à l'état 51


État 44

   39 term: tID .
   56 funccall: tID . tLPAR callparams tRPAR

    tLPAR  décalage et aller à l'état 40

    $défaut  réduction par utilisation de la règle 39 (term)


État 45

   40 term: tNB .

    $défaut  réduction par utilisation de la règle 40 (term)


État 46

   37 expr: tADD . expr

    tID    décalage et aller à l'état 44
    tNB    décalage et aller à l'état 45
    tADD   décalage et aller à l'état 46
    tSUB   décalage et aller à l'état 47
    tLPAR  décalage et aller à l'état 48

    expr      aller à l'état 71
    term      aller à l'état 50
    funccall  aller à l'état 51


État 47

   38 expr: tSUB . expr

    tID    décalage et aller à l'état 44
    tNB    décalage et aller à l'état 45
    tADD   décalage et aller à l'état 46
    tSUB   décalage et aller à l'état 47
    tLPAR  décalage et aller à l'état 48

    expr      aller à l'état 72
    term      aller à l'état 50
    funccall  aller à l'état 51


État 48

   36 expr: tLPAR . expr tRPAR

    tID    décalage et aller à l'état 44
    tNB    décalage et aller à l'état 45
    tADD   décalage et aller à l'état 46
    tSUB   décalage et aller à l'état 47
    tLPAR  décalage et aller à l'état 48

    expr      aller à l'état 73
    term      aller à l'état 50
    funccall  aller à l'état 51


État 49

   32 expr: expr . tADD expr
   33     | expr . tSUB expr
   34     | expr . tMUL expr
   35     | expr . tDIV expr
   55 funcreturn: tRETURN expr .

    tADD  décalage et aller à l'état 74
    tSUB  décalage et aller à l'état 75
    tDIV  décalage et aller à l'état 76
    tMUL  décalage et aller à l'état 77

    $défaut  réduction par utilisation de la règle 55 (funcreturn)


État 50

   31 expr: term .

    $défaut  réduction par utilisation de la règle 31 (expr)


État 51

   41 term: funccall .

    $défaut  réduction par utilisation de la règle 41 (term)


État 52

   51 declar: tINT tID .
   54       | tINT tID . $@8 tASSIGN $@9 expr

    tASSIGN   réduction par utilisation de la règle 52 ($@8)
    $défaut  réduction par utilisation de la règle 51 (declar)

    $@8  aller à l'état 78


État 53

   13 block: tLBRACE $@1 instructions tRBRACE .

    $défaut  réduction par utilisation de la règle 13 (block)


État 54

   15 instructions: instruction instructions .

    $défaut  réduction par utilisation de la règle 15 (instructions)


État 55

   16 instruction: print tSEMI .

    $défaut  réduction par utilisation de la règle 16 (instruction)


État 56

   17 instruction: assign tSEMI .

    $défaut  réduction par utilisation de la règle 17 (instruction)


État 57

   18 instruction: declar tSEMI .

    $défaut  réduction par utilisation de la règle 18 (instruction)


État 58

   19 instruction: funcreturn tSEMI .

    $défaut  réduction par utilisation de la règle 19 (instruction)


État 59

   20 instruction: funccall tSEMI .

    $défaut  réduction par utilisation de la règle 20 (instruction)


État 60

   32 expr: expr . tADD expr
   33     | expr . tSUB expr
   34     | expr . tMUL expr
   35     | expr . tDIV expr
   50 assign: tID tASSIGN expr .

    tADD  décalage et aller à l'état 74
    tSUB  décalage et aller à l'état 75
    tDIV  décalage et aller à l'état 76
    tMUL  décalage et aller à l'état 77

    $défaut  réduction par utilisation de la règle 50 (assign)


État 61

   32 expr: expr . tADD expr
   33     | expr . tSUB expr
   34     | expr . tMUL expr
   35     | expr . tDIV expr
   60 callparams_full: expr .
   61                | expr . tCOMMA callparams_full

    tADD    décalage et aller à l'état 74
    tSUB    décalage et aller à l'état 75
    tDIV    décalage et aller à l'état 76
    tMUL    décalage et aller à l'état 77
    tCOMMA  décalage et aller à l'état 79

    $défaut  réduction par utilisation de la règle 60 (callparams_full)


État 62

   56 funccall: tID tLPAR callparams . tRPAR

    tRPAR  décalage et aller à l'état 80


État 63

   57 callparams: callparams_void .

    $défaut  réduction par utilisation de la règle 57 (callparams)


État 64

   58 callparams: callparams_full .

    $défaut  réduction par utilisation de la règle 58 (callparams)


État 65

   43 condition: tNOT . expr

    tID    décalage et aller à l'état 44
    tNB    décalage et aller à l'état 45
    tADD   décalage et aller à l'état 46
    tSUB   décalage et aller à l'état 47
    tLPAR  décalage et aller à l'état 48

    expr      aller à l'état 81
    term      aller à l'état 50
    funccall  aller à l'état 51


État 66

   32 expr: expr . tADD expr
   33     | expr . tSUB expr
   34     | expr . tMUL expr
   35     | expr . tDIV expr
   42 condition: expr .
   44          | expr . tEQ expr

    tEQ   décalage et aller à l'état 82
    tADD  décalage et aller à l'état 74
    tSUB  décalage et aller à l'état 75
    tDIV  décalage et aller à l'état 76
    tMUL  décalage et aller à l'état 77

    $défaut  réduction par utilisation de la règle 42 (condition)


État 67

   31 expr: term .
   45 condition: term . tNEQ expr

    tNEQ  décalage et aller à l'état 83

    $défaut  réduction par utilisation de la règle 31 (expr)


État 68

   26 condins: tIF tLPAR condition . $@2 tRPAR block
   30        | tIF tLPAR condition . tRPAR $@3 block $@4 tELSE $@5 block

    tRPAR  décalage et aller à l'état 84

    tRPAR  [réduction par utilisation de la règle 25 ($@2)]

    $@2  aller à l'état 85


État 69

   48 loop: tWHILE $@6 tLPAR . condition $@7 tRPAR block

    tID    décalage et aller à l'état 44
    tNB    décalage et aller à l'état 45
    tADD   décalage et aller à l'état 46
    tSUB   décalage et aller à l'état 47
    tNOT   décalage et aller à l'état 65
    tLPAR  décalage et aller à l'état 48

    expr       aller à l'état 66
    term       aller à l'état 67
    condition  aller à l'état 86
    funccall   aller à l'état 51


État 70

   32 expr: expr . tADD expr
   33     | expr . tSUB expr
   34     | expr . tMUL expr
   35     | expr . tDIV expr
   49 print: tPRINT tLPAR expr . tRPAR

    tADD   décalage et aller à l'état 74
    tSUB   décalage et aller à l'état 75
    tDIV   décalage et aller à l'état 76
    tMUL   décalage et aller à l'état 77
    tRPAR  décalage et aller à l'état 87


État 71

   32 expr: expr . tADD expr
   33     | expr . tSUB expr
   34     | expr . tMUL expr
   35     | expr . tDIV expr
   37     | tADD expr .

    tDIV  décalage et aller à l'état 76
    tMUL  décalage et aller à l'état 77

    $défaut  réduction par utilisation de la règle 37 (expr)


État 72

   32 expr: expr . tADD expr
   33     | expr . tSUB expr
   34     | expr . tMUL expr
   35     | expr . tDIV expr
   38     | tSUB expr .

    tDIV  décalage et aller à l'état 76
    tMUL  décalage et aller à l'état 77

    $défaut  réduction par utilisation de la règle 38 (expr)


État 73

   32 expr: expr . tADD expr
   33     | expr . tSUB expr
   34     | expr . tMUL expr
   35     | expr . tDIV expr
   36     | tLPAR expr . tRPAR

    tADD   décalage et aller à l'état 74
    tSUB   décalage et aller à l'état 75
    tDIV   décalage et aller à l'état 76
    tMUL   décalage et aller à l'état 77
    tRPAR  décalage et aller à l'état 88


État 74

   32 expr: expr tADD . expr

    tID    décalage et aller à l'état 44
    tNB    décalage et aller à l'état 45
    tADD   décalage et aller à l'état 46
    tSUB   décalage et aller à l'état 47
    tLPAR  décalage et aller à l'état 48

    expr      aller à l'état 89
    term      aller à l'état 50
    funccall  aller à l'état 51


État 75

   33 expr: expr tSUB . expr

    tID    décalage et aller à l'état 44
    tNB    décalage et aller à l'état 45
    tADD   décalage et aller à l'état 46
    tSUB   décalage et aller à l'état 47
    tLPAR  décalage et aller à l'état 48

    expr      aller à l'état 90
    term      aller à l'état 50
    funccall  aller à l'état 51


État 76

   35 expr: expr tDIV . expr

    tID    décalage et aller à l'état 44
    tNB    décalage et aller à l'état 45
    tADD   décalage et aller à l'état 46
    tSUB   décalage et aller à l'état 47
    tLPAR  décalage et aller à l'état 48

    expr      aller à l'état 91
    term      aller à l'état 50
    funccall  aller à l'état 51


État 77

   34 expr: expr tMUL . expr

    tID    décalage et aller à l'état 44
    tNB    décalage et aller à l'état 45
    tADD   décalage et aller à l'état 46
    tSUB   décalage et aller à l'état 47
    tLPAR  décalage et aller à l'état 48

    expr      aller à l'état 92
    term      aller à l'état 50
    funccall  aller à l'état 51


État 78

   54 declar: tINT tID $@8 . tASSIGN $@9 expr

    tASSIGN  décalage et aller à l'état 93


État 79

   61 callparams_full: expr tCOMMA . callparams_full

    tID    décalage et aller à l'état 44
    tNB    décalage et aller à l'état 45
    tADD   décalage et aller à l'état 46
    tSUB   décalage et aller à l'état 47
    tLPAR  décalage et aller à l'état 48

    expr             aller à l'état 61
    term             aller à l'état 50
    funccall         aller à l'état 51
    callparams_full  aller à l'état 94


État 80

   56 funccall: tID tLPAR callparams tRPAR .

    $défaut  réduction par utilisation de la règle 56 (funccall)


État 81

   32 expr: expr . tADD expr
   33     | expr . tSUB expr
   34     | expr . tMUL expr
   35     | expr . tDIV expr
   43 condition: tNOT expr .

    tADD  décalage et aller à l'état 74
    tSUB  décalage et aller à l'état 75
    tDIV  décalage et aller à l'état 76
    tMUL  décalage et aller à l'état 77

    $défaut  réduction par utilisation de la règle 43 (condition)


État 82

   44 condition: expr tEQ . expr

    tID    décalage et aller à l'état 44
    tNB    décalage et aller à l'état 45
    tADD   décalage et aller à l'état 46
    tSUB   décalage et aller à l'état 47
    tLPAR  décalage et aller à l'état 48

    expr      aller à l'état 95
    term      aller à l'état 50
    funccall  aller à l'état 51


État 83

   45 condition: term tNEQ . expr

    tID    décalage et aller à l'état 44
    tNB    décalage et aller à l'état 45
    tADD   décalage et aller à l'état 46
    tSUB   décalage et aller à l'état 47
    tLPAR  décalage et aller à l'état 48

    expr      aller à l'état 96
    term      aller à l'état 50
    funccall  aller à l'état 51


État 84

   30 condins: tIF tLPAR condition tRPAR . $@3 block $@4 tELSE $@5 block

    $défaut  réduction par utilisation de la règle 27 ($@3)

    $@3  aller à l'état 97


État 85

   26 condins: tIF tLPAR condition $@2 . tRPAR block

    tRPAR  décalage et aller à l'état 98


État 86

   48 loop: tWHILE $@6 tLPAR condition . $@7 tRPAR block

    $défaut  réduction par utilisation de la règle 47 ($@7)

    $@7  aller à l'état 99


État 87

   49 print: tPRINT tLPAR expr tRPAR .

    $défaut  réduction par utilisation de la règle 49 (print)


État 88

   36 expr: tLPAR expr tRPAR .

    $défaut  réduction par utilisation de la règle 36 (expr)


État 89

   32 expr: expr . tADD expr
   32     | expr tADD expr .
   33     | expr . tSUB expr
   34     | expr . tMUL expr
   35     | expr . tDIV expr

    tDIV  décalage et aller à l'état 76
    tMUL  décalage et aller à l'état 77

    $défaut  réduction par utilisation de la règle 32 (expr)


État 90

   32 expr: expr . tADD expr
   33     | expr . tSUB expr
   33     | expr tSUB expr .
   34     | expr . tMUL expr
   35     | expr . tDIV expr

    tDIV  décalage et aller à l'état 76
    tMUL  décalage et aller à l'état 77

    $défaut  réduction par utilisation de la règle 33 (expr)


État 91

   32 expr: expr . tADD expr
   33     | expr . tSUB expr
   34     | expr . tMUL expr
   35     | expr . tDIV expr
   35     | expr tDIV expr .

    $défaut  réduction par utilisation de la règle 35 (expr)


État 92

   32 expr: expr . tADD expr
   33     | expr . tSUB expr
   34     | expr . tMUL expr
   34     | expr tMUL expr .
   35     | expr . tDIV expr

    $défaut  réduction par utilisation de la règle 34 (expr)


État 93

   54 declar: tINT tID $@8 tASSIGN . $@9 expr

    $défaut  réduction par utilisation de la règle 53 ($@9)

    $@9  aller à l'état 100


État 94

   61 callparams_full: expr tCOMMA callparams_full .

    $défaut  réduction par utilisation de la règle 61 (callparams_full)


État 95

   32 expr: expr . tADD expr
   33     | expr . tSUB expr
   34     | expr . tMUL expr
   35     | expr . tDIV expr
   44 condition: expr tEQ expr .

    tADD  décalage et aller à l'état 74
    tSUB  décalage et aller à l'état 75
    tDIV  décalage et aller à l'état 76
    tMUL  décalage et aller à l'état 77

    $défaut  réduction par utilisation de la règle 44 (condition)


État 96

   32 expr: expr . tADD expr
   33     | expr . tSUB expr
   34     | expr . tMUL expr
   35     | expr . tDIV expr
   45 condition: term tNEQ expr .

    tADD  décalage et aller à l'état 74
    tSUB  décalage et aller à l'état 75
    tDIV  décalage et aller à l'état 76
    tMUL  décalage et aller à l'état 77

    $défaut  réduction par utilisation de la règle 45 (condition)


État 97

   30 condins: tIF tLPAR condition tRPAR $@3 . block $@4 tELSE $@5 block

    tLBRACE  décalage et aller à l'état 18

    block  aller à l'état 101


État 98

   26 condins: tIF tLPAR condition $@2 tRPAR . block

    tLBRACE  décalage et aller à l'état 18

    block  aller à l'état 102


État 99

   48 loop: tWHILE $@6 tLPAR condition $@7 . tRPAR block

    tRPAR  décalage et aller à l'état 103


État 100

   54 declar: tINT tID $@8 tASSIGN $@9 . expr

    tID    décalage et aller à l'état 44
    tNB    décalage et aller à l'état 45
    tADD   décalage et aller à l'état 46
    tSUB   décalage et aller à l'état 47
    tLPAR  décalage et aller à l'état 48

    expr      aller à l'état 104
    term      aller à l'état 50
    funccall  aller à l'état 51


État 101

   30 condins: tIF tLPAR condition tRPAR $@3 block . $@4 tELSE $@5 block

    $défaut  réduction par utilisation de la règle 28 ($@4)

    $@4  aller à l'état 105


État 102

   26 condins: tIF tLPAR condition $@2 tRPAR block .

    $défaut  réduction par utilisation de la règle 26 (condins)


État 103

   48 loop: tWHILE $@6 tLPAR condition $@7 tRPAR . block

    tLBRACE  décalage et aller à l'état 18

    block  aller à l'état 106


État 104

   32 expr: expr . tADD expr
   33     | expr . tSUB expr
   34     | expr . tMUL expr
   35     | expr . tDIV expr
   54 declar: tINT tID $@8 tASSIGN $@9 expr .

    tADD  décalage et aller à l'état 74
    tSUB  décalage et aller à l'état 75
    tDIV  décalage et aller à l'état 76
    tMUL  décalage et aller à l'état 77

    $défaut  réduction par utilisation de la règle 54 (declar)


État 105

   30 condins: tIF tLPAR condition tRPAR $@3 block $@4 . tELSE $@5 block

    tELSE  décalage et aller à l'état 107


État 106

   48 loop: tWHILE $@6 tLPAR condition $@7 tRPAR block .

    $défaut  réduction par utilisation de la règle 48 (loop)


État 107

   30 condins: tIF tLPAR condition tRPAR $@3 block $@4 tELSE . $@5 block

    $défaut  réduction par utilisation de la règle 29 ($@5)

    $@5  aller à l'état 108


État 108

   30 condins: tIF tLPAR condition tRPAR $@3 block $@4 tELSE $@5 . block

    tLBRACE  décalage et aller à l'état 18

    block  aller à l'état 109


État 109

   30 condins: tIF tLPAR condition tRPAR $@3 block $@4 tELSE $@5 block .

    $défaut  réduction par utilisation de la règle 30 (condins)
